[2021-08-25 17:10:59] local.ERROR: 2021-08-25 17:10:59:
#SC003::Message: SQLSTATE[HY000] [2002] No connection could be made because the target machine actively refused it.
 - Line: 70 - File: G:\WebDev\github_action_test\vendor\laravel\framework\src\Illuminate\Database\Connectors\Connector.php
  
[2021-08-25 17:10:59] local.ERROR: 2021-08-25 17:10:59:
#SC003::Message: SQLSTATE[HY000] [2002] No connection could be made because the target machine actively refused it.
 - Line: 70 - File: G:\WebDev\github_action_test\vendor\laravel\framework\src\Illuminate\Database\Connectors\Connector.php
  
[2021-08-25 17:10:59] local.ERROR: 2021-08-25 17:10:59:
#SC003::Message: SQLSTATE[HY000] [2002] No connection could be made because the target machine actively refused it.
 - Line: 70 - File: G:\WebDev\github_action_test\vendor\laravel\framework\src\Illuminate\Database\Connectors\Connector.php
  
[2021-08-25 17:10:59] local.ERROR: 2021-08-25 17:10:59:
#SC003::Message: SQLSTATE[HY000] [2002] No connection could be made because the target machine actively refused it.
 - Line: 70 - File: G:\WebDev\github_action_test\vendor\laravel\framework\src\Illuminate\Database\Connectors\Connector.php
  
[2021-08-25 17:10:59] local.ERROR: 2021-08-25 17:10:59:
#SC003::Message: SQLSTATE[HY000] [2002] No connection could be made because the target machine actively refused it.
 - Line: 70 - File: G:\WebDev\github_action_test\vendor\laravel\framework\src\Illuminate\Database\Connectors\Connector.php
  
[2021-08-25 17:10:59] local.ERROR: 2021-08-25 17:10:59:
#SC003::Message: SQLSTATE[HY000] [2002] No connection could be made because the target machine actively refused it.
 - Line: 70 - File: G:\WebDev\github_action_test\vendor\laravel\framework\src\Illuminate\Database\Connectors\Connector.php
  
[2021-08-25 17:11:38] local.ERROR: 2021-08-25 17:11:38:
#SC003::Message: SQLSTATE[HY000] [2002] No connection could be made because the target machine actively refused it.
 - Line: 70 - File: G:\WebDev\github_action_test\vendor\laravel\framework\src\Illuminate\Database\Connectors\Connector.php
  
[2021-08-25 17:11:55] local.ERROR: 2021-08-25 17:11:55:
#SC003::Message: SQLSTATE[HY000] [2002] No connection could be made because the target machine actively refused it.
 - Line: 70 - File: G:\WebDev\github_action_test\vendor\laravel\framework\src\Illuminate\Database\Connectors\Connector.php
  
[2021-08-25 17:11:55] local.ERROR: 2021-08-25 17:11:55:
#SC003::Message: SQLSTATE[HY000] [2002] No connection could be made because the target machine actively refused it.
 - Line: 70 - File: G:\WebDev\github_action_test\vendor\laravel\framework\src\Illuminate\Database\Connectors\Connector.php
  
[2021-08-25 17:12:55] local.ERROR: 2021-08-25 17:12:55:
#SC003::Message: SQLSTATE[HY000] [2002] No connection could be made because the target machine actively refused it.
 - Line: 70 - File: G:\WebDev\github_action_test\vendor\laravel\framework\src\Illuminate\Database\Connectors\Connector.php
  
[2021-08-25 17:12:55] local.ERROR: 2021-08-25 17:12:55:
#SC003::Message: SQLSTATE[HY000] [2002] No connection could be made because the target machine actively refused it.
 - Line: 70 - File: G:\WebDev\github_action_test\vendor\laravel\framework\src\Illuminate\Database\Connectors\Connector.php
  
[2021-08-25 17:13:55] local.ERROR: 2021-08-25 17:13:55:
#SC003::Message: SQLSTATE[HY000] [2002] No connection could be made because the target machine actively refused it.
 - Line: 70 - File: G:\WebDev\github_action_test\vendor\laravel\framework\src\Illuminate\Database\Connectors\Connector.php
  
[2021-08-25 17:13:55] local.ERROR: 2021-08-25 17:13:55:
#SC003::Message: SQLSTATE[HY000] [2002] No connection could be made because the target machine actively refused it.
 - Line: 70 - File: G:\WebDev\github_action_test\vendor\laravel\framework\src\Illuminate\Database\Connectors\Connector.php
  
[2021-08-25 17:14:55] local.ERROR: 2021-08-25 17:14:55:
#SC003::Message: SQLSTATE[HY000] [2002] No connection could be made because the target machine actively refused it.
 - Line: 70 - File: G:\WebDev\github_action_test\vendor\laravel\framework\src\Illuminate\Database\Connectors\Connector.php
  
[2021-08-25 17:14:55] local.ERROR: 2021-08-25 17:14:55:
#SC003::Message: SQLSTATE[HY000] [2002] No connection could be made because the target machine actively refused it.
 - Line: 70 - File: G:\WebDev\github_action_test\vendor\laravel\framework\src\Illuminate\Database\Connectors\Connector.php
  
[2021-08-25 17:15:55] local.ERROR: 2021-08-25 17:15:55:
#SC003::Message: SQLSTATE[HY000] [2002] No connection could be made because the target machine actively refused it.
 - Line: 70 - File: G:\WebDev\github_action_test\vendor\laravel\framework\src\Illuminate\Database\Connectors\Connector.php
  
[2021-08-25 17:15:55] local.ERROR: 2021-08-25 17:15:55:
#SC003::Message: SQLSTATE[HY000] [2002] No connection could be made because the target machine actively refused it.
 - Line: 70 - File: G:\WebDev\github_action_test\vendor\laravel\framework\src\Illuminate\Database\Connectors\Connector.php
  
[2021-08-25 17:16:55] local.ERROR: 2021-08-25 17:16:55:
#SC003::Message: SQLSTATE[HY000] [2002] No connection could be made because the target machine actively refused it.
 - Line: 70 - File: G:\WebDev\github_action_test\vendor\laravel\framework\src\Illuminate\Database\Connectors\Connector.php
  
[2021-08-25 17:16:55] local.ERROR: 2021-08-25 17:16:55:
#SC003::Message: SQLSTATE[HY000] [2002] No connection could be made because the target machine actively refused it.
 - Line: 70 - File: G:\WebDev\github_action_test\vendor\laravel\framework\src\Illuminate\Database\Connectors\Connector.php
  
[2021-08-25 17:17:55] local.ERROR: 2021-08-25 17:17:55:
#SC003::Message: SQLSTATE[HY000] [2002] No connection could be made because the target machine actively refused it.
 - Line: 70 - File: G:\WebDev\github_action_test\vendor\laravel\framework\src\Illuminate\Database\Connectors\Connector.php
  
[2021-08-25 17:17:55] local.ERROR: 2021-08-25 17:17:55:
#SC003::Message: SQLSTATE[HY000] [2002] No connection could be made because the target machine actively refused it.
 - Line: 70 - File: G:\WebDev\github_action_test\vendor\laravel\framework\src\Illuminate\Database\Connectors\Connector.php
  
[2021-08-25 17:18:55] local.ERROR: 2021-08-25 17:18:55:
#SC003::Message: SQLSTATE[HY000] [2002] No connection could be made because the target machine actively refused it.
 - Line: 70 - File: G:\WebDev\github_action_test\vendor\laravel\framework\src\Illuminate\Database\Connectors\Connector.php
  
[2021-08-25 17:18:55] local.ERROR: 2021-08-25 17:18:55:
#SC003::Message: SQLSTATE[HY000] [2002] No connection could be made because the target machine actively refused it.
 - Line: 70 - File: G:\WebDev\github_action_test\vendor\laravel\framework\src\Illuminate\Database\Connectors\Connector.php
  
[2021-08-25 17:19:55] local.ERROR: 2021-08-25 17:19:55:
#SC003::Message: SQLSTATE[HY000] [2002] No connection could be made because the target machine actively refused it.
 - Line: 70 - File: G:\WebDev\github_action_test\vendor\laravel\framework\src\Illuminate\Database\Connectors\Connector.php
  
[2021-08-25 17:19:55] local.ERROR: 2021-08-25 17:19:55:
#SC003::Message: SQLSTATE[HY000] [2002] No connection could be made because the target machine actively refused it.
 - Line: 70 - File: G:\WebDev\github_action_test\vendor\laravel\framework\src\Illuminate\Database\Connectors\Connector.php
  
[2021-08-25 17:20:55] local.ERROR: 2021-08-25 17:20:55:
#SC003::Message: SQLSTATE[HY000] [2002] No connection could be made because the target machine actively refused it.
 - Line: 70 - File: G:\WebDev\github_action_test\vendor\laravel\framework\src\Illuminate\Database\Connectors\Connector.php
  
[2021-08-25 17:20:55] local.ERROR: 2021-08-25 17:20:55:
#SC003::Message: SQLSTATE[HY000] [2002] No connection could be made because the target machine actively refused it.
 - Line: 70 - File: G:\WebDev\github_action_test\vendor\laravel\framework\src\Illuminate\Database\Connectors\Connector.php
  
[2021-08-25 17:20:55] local.ERROR: 2021-08-25 17:20:55:
#SC003::Message: SQLSTATE[HY000] [2002] No connection could be made because the target machine actively refused it.
 - Line: 70 - File: G:\WebDev\github_action_test\vendor\laravel\framework\src\Illuminate\Database\Connectors\Connector.php
  
[2021-08-25 17:21:55] local.ERROR: 2021-08-25 17:21:55:
#SC003::Message: SQLSTATE[HY000] [2002] No connection could be made because the target machine actively refused it.
 - Line: 70 - File: G:\WebDev\github_action_test\vendor\laravel\framework\src\Illuminate\Database\Connectors\Connector.php
  
[2021-08-25 17:21:55] local.ERROR: 2021-08-25 17:21:55:
#SC003::Message: SQLSTATE[HY000] [2002] No connection could be made because the target machine actively refused it.
 - Line: 70 - File: G:\WebDev\github_action_test\vendor\laravel\framework\src\Illuminate\Database\Connectors\Connector.php
  
[2021-08-25 17:22:31] local.ERROR: 2021-08-25 17:22:31:
#SC003::Message: SQLSTATE[HY000] [2002] No connection could be made because the target machine actively refused it.
 - Line: 70 - File: G:\WebDev\github_action_test\vendor\laravel\framework\src\Illuminate\Database\Connectors\Connector.php
  
[2021-08-25 17:22:55] local.ERROR: 2021-08-25 17:22:55:
#SC003::Message: SQLSTATE[HY000] [2002] No connection could be made because the target machine actively refused it.
 - Line: 70 - File: G:\WebDev\github_action_test\vendor\laravel\framework\src\Illuminate\Database\Connectors\Connector.php
  
[2021-08-25 17:22:55] local.ERROR: 2021-08-25 17:22:55:
#SC003::Message: SQLSTATE[HY000] [2002] No connection could be made because the target machine actively refused it.
 - Line: 70 - File: G:\WebDev\github_action_test\vendor\laravel\framework\src\Illuminate\Database\Connectors\Connector.php
  
[2021-08-25 17:23:55] local.ERROR: 2021-08-25 17:23:55:
#SC003::Message: SQLSTATE[HY000] [2002] No connection could be made because the target machine actively refused it.
 - Line: 70 - File: G:\WebDev\github_action_test\vendor\laravel\framework\src\Illuminate\Database\Connectors\Connector.php
  
[2021-08-25 17:23:55] local.ERROR: 2021-08-25 17:23:55:
#SC003::Message: SQLSTATE[HY000] [2002] No connection could be made because the target machine actively refused it.
 - Line: 70 - File: G:\WebDev\github_action_test\vendor\laravel\framework\src\Illuminate\Database\Connectors\Connector.php
  
[2021-08-25 17:24:55] local.ERROR: 2021-08-25 17:24:55:
#SC003::Message: SQLSTATE[HY000] [2002] No connection could be made because the target machine actively refused it.
 - Line: 70 - File: G:\WebDev\github_action_test\vendor\laravel\framework\src\Illuminate\Database\Connectors\Connector.php
  
[2021-08-25 17:24:55] local.ERROR: 2021-08-25 17:24:55:
#SC003::Message: SQLSTATE[HY000] [2002] No connection could be made because the target machine actively refused it.
 - Line: 70 - File: G:\WebDev\github_action_test\vendor\laravel\framework\src\Illuminate\Database\Connectors\Connector.php
  
[2021-08-25 17:25:53] local.ERROR: 2021-08-25 17:25:53:
```Uncaught ReflectionException: Class App\Policies\ModelPolicy does not exist in Command line code:1
Stack trace:
#0 Command line code(1): ReflectionClass->__construct('App\\Policies\\Mo...')
#1 [internal function]: {closure}('App\\Policies\\Mo...', 'App\\Model')
#2 Command line code(1): array_map(Object(Closure), Array, Array)
#3 {main}
  thrown```
*File* `Command line code`, *Line:* 1, *Code:* 0
URL= http://127.0.0.1:8000
  
[2021-08-25 17:25:53] local.ERROR: Uncaught ReflectionException: Class App\Policies\ModelPolicy does not exist in Command line code:1
Stack trace:
#0 Command line code(1): ReflectionClass->__construct('App\\Policies\\Mo...')
#1 [internal function]: {closure}('App\\Policies\\Mo...', 'App\\Model')
#2 Command line code(1): array_map(Object(Closure), Array, Array)
#3 {main}
  thrown {"exception":"[object] (Symfony\\Component\\ErrorHandler\\Error\\FatalError(code: 0): Uncaught ReflectionException: Class App\\Policies\\ModelPolicy does not exist in Command line code:1
Stack trace:
#0 Command line code(1): ReflectionClass->__construct('App\\\\Policies\\\\Mo...')
#1 [internal function]: {closure}('App\\\\Policies\\\\Mo...', 'App\\\\Model')
#2 Command line code(1): array_map(Object(Closure), Array, Array)
#3 {main}
  thrown at Command line code:1)
[stacktrace]
#0 {main}
"} 
[2021-08-25 17:26:53] local.ERROR: 2021-08-25 17:26:53:
```Uncaught ReflectionException: Class App\Policies\ModelPolicy does not exist in Command line code:1
Stack trace:
#0 Command line code(1): ReflectionClass->__construct('App\\Policies\\Mo...')
#1 [internal function]: {closure}('App\\Policies\\Mo...', 'App\\Model')
#2 Command line code(1): array_map(Object(Closure), Array, Array)
#3 {main}
  thrown```
*File* `Command line code`, *Line:* 1, *Code:* 0
URL= http://127.0.0.1:8000
  
[2021-08-25 17:26:53] local.ERROR: Uncaught ReflectionException: Class App\Policies\ModelPolicy does not exist in Command line code:1
Stack trace:
#0 Command line code(1): ReflectionClass->__construct('App\\Policies\\Mo...')
#1 [internal function]: {closure}('App\\Policies\\Mo...', 'App\\Model')
#2 Command line code(1): array_map(Object(Closure), Array, Array)
#3 {main}
  thrown {"exception":"[object] (Symfony\\Component\\ErrorHandler\\Error\\FatalError(code: 0): Uncaught ReflectionException: Class App\\Policies\\ModelPolicy does not exist in Command line code:1
Stack trace:
#0 Command line code(1): ReflectionClass->__construct('App\\\\Policies\\\\Mo...')
#1 [internal function]: {closure}('App\\\\Policies\\\\Mo...', 'App\\\\Model')
#2 Command line code(1): array_map(Object(Closure), Array, Array)
#3 {main}
  thrown at Command line code:1)
[stacktrace]
#0 {main}
"} 
[2021-08-25 17:27:53] local.ERROR: 2021-08-25 17:27:53:
```Uncaught ReflectionException: Class App\Policies\ModelPolicy does not exist in Command line code:1
Stack trace:
#0 Command line code(1): ReflectionClass->__construct('App\\Policies\\Mo...')
#1 [internal function]: {closure}('App\\Policies\\Mo...', 'App\\Model')
#2 Command line code(1): array_map(Object(Closure), Array, Array)
#3 {main}
  thrown```
*File* `Command line code`, *Line:* 1, *Code:* 0
URL= http://127.0.0.1:8000
  
[2021-08-25 17:27:53] local.ERROR: Uncaught ReflectionException: Class App\Policies\ModelPolicy does not exist in Command line code:1
Stack trace:
#0 Command line code(1): ReflectionClass->__construct('App\\Policies\\Mo...')
#1 [internal function]: {closure}('App\\Policies\\Mo...', 'App\\Model')
#2 Command line code(1): array_map(Object(Closure), Array, Array)
#3 {main}
  thrown {"exception":"[object] (Symfony\\Component\\ErrorHandler\\Error\\FatalError(code: 0): Uncaught ReflectionException: Class App\\Policies\\ModelPolicy does not exist in Command line code:1
Stack trace:
#0 Command line code(1): ReflectionClass->__construct('App\\\\Policies\\\\Mo...')
#1 [internal function]: {closure}('App\\\\Policies\\\\Mo...', 'App\\\\Model')
#2 Command line code(1): array_map(Object(Closure), Array, Array)
#3 {main}
  thrown at Command line code:1)
[stacktrace]
#0 {main}
"} 
[2021-08-25 17:28:53] local.ERROR: 2021-08-25 17:28:53:
```Uncaught ReflectionException: Class App\Policies\ModelPolicy does not exist in Command line code:1
Stack trace:
#0 Command line code(1): ReflectionClass->__construct('App\\Policies\\Mo...')
#1 [internal function]: {closure}('App\\Policies\\Mo...', 'App\\Model')
#2 Command line code(1): array_map(Object(Closure), Array, Array)
#3 {main}
  thrown```
*File* `Command line code`, *Line:* 1, *Code:* 0
URL= http://127.0.0.1:8000
  
[2021-08-25 17:28:53] local.ERROR: Uncaught ReflectionException: Class App\Policies\ModelPolicy does not exist in Command line code:1
Stack trace:
#0 Command line code(1): ReflectionClass->__construct('App\\Policies\\Mo...')
#1 [internal function]: {closure}('App\\Policies\\Mo...', 'App\\Model')
#2 Command line code(1): array_map(Object(Closure), Array, Array)
#3 {main}
  thrown {"exception":"[object] (Symfony\\Component\\ErrorHandler\\Error\\FatalError(code: 0): Uncaught ReflectionException: Class App\\Policies\\ModelPolicy does not exist in Command line code:1
Stack trace:
#0 Command line code(1): ReflectionClass->__construct('App\\\\Policies\\\\Mo...')
#1 [internal function]: {closure}('App\\\\Policies\\\\Mo...', 'App\\\\Model')
#2 Command line code(1): array_map(Object(Closure), Array, Array)
#3 {main}
  thrown at Command line code:1)
[stacktrace]
#0 {main}
"} 
[2021-08-25 17:29:53] local.ERROR: 2021-08-25 17:29:53:
```Uncaught ReflectionException: Class App\Policies\ModelPolicy does not exist in Command line code:1
Stack trace:
#0 Command line code(1): ReflectionClass->__construct('App\\Policies\\Mo...')
#1 [internal function]: {closure}('App\\Policies\\Mo...', 'App\\Model')
#2 Command line code(1): array_map(Object(Closure), Array, Array)
#3 {main}
  thrown```
*File* `Command line code`, *Line:* 1, *Code:* 0
URL= http://127.0.0.1:8000
  
[2021-08-25 17:29:53] local.ERROR: Uncaught ReflectionException: Class App\Policies\ModelPolicy does not exist in Command line code:1
Stack trace:
#0 Command line code(1): ReflectionClass->__construct('App\\Policies\\Mo...')
#1 [internal function]: {closure}('App\\Policies\\Mo...', 'App\\Model')
#2 Command line code(1): array_map(Object(Closure), Array, Array)
#3 {main}
  thrown {"exception":"[object] (Symfony\\Component\\ErrorHandler\\Error\\FatalError(code: 0): Uncaught ReflectionException: Class App\\Policies\\ModelPolicy does not exist in Command line code:1
Stack trace:
#0 Command line code(1): ReflectionClass->__construct('App\\\\Policies\\\\Mo...')
#1 [internal function]: {closure}('App\\\\Policies\\\\Mo...', 'App\\\\Model')
#2 Command line code(1): array_map(Object(Closure), Array, Array)
#3 {main}
  thrown at Command line code:1)
[stacktrace]
#0 {main}
"} 
[2021-08-25 17:30:53] local.ERROR: 2021-08-25 17:30:53:
```Uncaught ReflectionException: Class App\Policies\ModelPolicy does not exist in Command line code:1
Stack trace:
#0 Command line code(1): ReflectionClass->__construct('App\\Policies\\Mo...')
#1 [internal function]: {closure}('App\\Policies\\Mo...', 'App\\Model')
#2 Command line code(1): array_map(Object(Closure), Array, Array)
#3 {main}
  thrown```
*File* `Command line code`, *Line:* 1, *Code:* 0
URL= http://127.0.0.1:8000
  
[2021-08-25 17:30:53] local.ERROR: Uncaught ReflectionException: Class App\Policies\ModelPolicy does not exist in Command line code:1
Stack trace:
#0 Command line code(1): ReflectionClass->__construct('App\\Policies\\Mo...')
#1 [internal function]: {closure}('App\\Policies\\Mo...', 'App\\Model')
#2 Command line code(1): array_map(Object(Closure), Array, Array)
#3 {main}
  thrown {"exception":"[object] (Symfony\\Component\\ErrorHandler\\Error\\FatalError(code: 0): Uncaught ReflectionException: Class App\\Policies\\ModelPolicy does not exist in Command line code:1
Stack trace:
#0 Command line code(1): ReflectionClass->__construct('App\\\\Policies\\\\Mo...')
#1 [internal function]: {closure}('App\\\\Policies\\\\Mo...', 'App\\\\Model')
#2 Command line code(1): array_map(Object(Closure), Array, Array)
#3 {main}
  thrown at Command line code:1)
[stacktrace]
#0 {main}
"} 
[2021-08-25 17:31:53] local.ERROR: 2021-08-25 17:31:53:
```Uncaught ReflectionException: Class App\Policies\ModelPolicy does not exist in Command line code:1
Stack trace:
#0 Command line code(1): ReflectionClass->__construct('App\\Policies\\Mo...')
#1 [internal function]: {closure}('App\\Policies\\Mo...', 'App\\Model')
#2 Command line code(1): array_map(Object(Closure), Array, Array)
#3 {main}
  thrown```
*File* `Command line code`, *Line:* 1, *Code:* 0
URL= http://127.0.0.1:8000
  
[2021-08-25 17:31:53] local.ERROR: Uncaught ReflectionException: Class App\Policies\ModelPolicy does not exist in Command line code:1
Stack trace:
#0 Command line code(1): ReflectionClass->__construct('App\\Policies\\Mo...')
#1 [internal function]: {closure}('App\\Policies\\Mo...', 'App\\Model')
#2 Command line code(1): array_map(Object(Closure), Array, Array)
#3 {main}
  thrown {"exception":"[object] (Symfony\\Component\\ErrorHandler\\Error\\FatalError(code: 0): Uncaught ReflectionException: Class App\\Policies\\ModelPolicy does not exist in Command line code:1
Stack trace:
#0 Command line code(1): ReflectionClass->__construct('App\\\\Policies\\\\Mo...')
#1 [internal function]: {closure}('App\\\\Policies\\\\Mo...', 'App\\\\Model')
#2 Command line code(1): array_map(Object(Closure), Array, Array)
#3 {main}
  thrown at Command line code:1)
[stacktrace]
#0 {main}
"} 
